This file contains any messages produced by compilers while
running configure, to aid debugging if configure makes a mistake.

It was created by maze configure 0.5, which was
generated by GNU Autoconf 2.69.  Invocation command line was

  $ ./configure 

## --------- ##
## Platform. ##
## --------- ##

hostname = ponybook
uname -m = x86_64
uname -r = 4.0.0-pf6
uname -s = Linux
uname -v = #7 SMP PREEMPT Tue Jul 14 11:52:03 MSK 2015

/usr/bin/uname -p = Intel(R) Core(TM) i5-2520M CPU @ 2.50GHz
/bin/uname -X     = unknown

/bin/arch              = unknown
/usr/bin/arch -k       = unknown
/usr/convex/getsysinfo = unknown
/usr/bin/hostinfo      = unknown
/bin/machine           = unknown
/usr/bin/oslevel       = unknown
/bin/universe          = unknown

PATH: /usr/local/bin
PATH: /usr/bin
PATH: /bin
PATH: /opt/bin
PATH: /usr/x86_64-pc-linux-gnu/gcc-bin/4.9.2
PATH: /opt/android-ndk
PATH: /opt/android-ndk/toolchains/aarch64-linux-android-4.9/prebuilt/linux-x86_64/bin
PATH: /opt/android-ndk/toolchains/arm-linux-androideabi-4.8/prebuilt/linux-x86_64/bin
PATH: /opt/android-ndk/toolchains/arm-linux-androideabi-4.9/prebuilt/linux-x86_64/bin
PATH: /opt/android-ndk/toolchains/llvm-3.5/prebuilt/linux-x86_64/bin
PATH: /opt/android-ndk/toolchains/llvm-3.6/prebuilt/linux-x86_64/bin
PATH: /opt/android-ndk/toolchains/mips64el-linux-android-4.9/prebuilt/linux-x86_64/bin
PATH: /opt/android-ndk/toolchains/mipsel-linux-android-4.8/prebuilt/linux-x86_64/bin
PATH: /opt/android-ndk/toolchains/mipsel-linux-android-4.9/prebuilt/linux-x86_64/bin
PATH: /opt/android-ndk/toolchains/renderscript/prebuilt/linux-x86_64/bin
PATH: /opt/android-ndk/toolchains/x86-4.8/prebuilt/linux-x86_64/bin
PATH: /opt/android-ndk/toolchains/x86-4.9/prebuilt/linux-x86_64/bin
PATH: /opt/android-ndk/toolchains/x86_64-4.9/prebuilt/linux-x86_64/bin
PATH: /opt/android-sdk-update-manager/tools
PATH: /opt/android-sdk-update-manager/platform-tools
PATH: /usr/lib64/subversion/bin
PATH: /home/mike/dev/Go/bin


## ----------- ##
## Core tests. ##
## ----------- ##

configure:2243: checking for a BSD-compatible install
configure:2311: result: /usr/bin/install -c
configure:2322: checking whether build environment is sane
configure:2377: result: yes
configure:2528: checking for a thread-safe mkdir -p
configure:2567: result: /bin/mkdir -p
configure:2574: checking for gawk
configure:2590: found /usr/bin/gawk
configure:2601: result: gawk
configure:2612: checking whether make sets $(MAKE)
configure:2634: result: yes
configure:2663: checking whether make supports nested variables
configure:2680: result: yes
configure:2861: checking for gcc
configure:2877: found /usr/bin/gcc
configure:2888: result: gcc
configure:3117: checking for C compiler version
configure:3126: gcc --version >&5
gcc (Gentoo 4.9.3 p1.1, pie-0.6.2) 4.9.3
Copyright (C) 2015 Free Software Foundation, Inc.
This is free software; see the source for copying conditions.  There is NO
warranty; not even for MERCHANTABILITY or FITNESS FOR A PARTICULAR PURPOSE.

configure:3137: $? = 0
configure:3126: gcc -v >&5
Using built-in specs.
COLLECT_GCC=/usr/x86_64-pc-linux-gnu/gcc-bin/4.9.3/gcc
COLLECT_LTO_WRAPPER=/usr/libexec/gcc/x86_64-pc-linux-gnu/4.9.3/lto-wrapper
Target: x86_64-pc-linux-gnu
Configured with: /var/tmp/portage/sys-devel/gcc-4.9.3/work/gcc-4.9.3/configure --host=x86_64-pc-linux-gnu --build=x86_64-pc-linux-gnu --prefix=/usr --bindir=/usr/x86_64-pc-linux-gnu/gcc-bin/4.9.3 --includedir=/usr/lib/gcc/x86_64-pc-linux-gnu/4.9.3/include --datadir=/usr/share/gcc-data/x86_64-pc-linux-gnu/4.9.3 --mandir=/usr/share/gcc-data/x86_64-pc-linux-gnu/4.9.3/man --infodir=/usr/share/gcc-data/x86_64-pc-linux-gnu/4.9.3/info --with-gxx-include-dir=/usr/lib/gcc/x86_64-pc-linux-gnu/4.9.3/include/g++-v4 --with-python-dir=/share/gcc-data/x86_64-pc-linux-gnu/4.9.3/python --enable-languages=c,c++,fortran --enable-obsolete --enable-secureplt --disable-werror --with-system-zlib --enable-nls --without-included-gettext --enable-checking=release --with-bugurl=https://bugs.gentoo.org/ --with-pkgversion='Gentoo 4.9.3 p1.1, pie-0.6.2' --enable-libstdcxx-time --enable-shared --enable-threads=posix --enable-__cxa_atexit --enable-clocale=gnu --enable-multilib --with-multilib-list=m32,m64 --disable-altivec --disable-fixed-point --enable-targets=all --disable-libgcj --enable-libgomp --disable-libmudflap --disable-libssp --disable-libcilkrts --enable-lto --without-cloog --enable-libsanitizer
Thread model: posix
gcc version 4.9.3 (Gentoo 4.9.3 p1.1, pie-0.6.2) 
configure:3137: $? = 0
configure:3126: gcc -V >&5
gcc: error: unrecognized command line option '-V'
gcc: fatal error: no input files
compilation terminated.
configure:3137: $? = 1
configure:3126: gcc -qversion >&5
gcc: error: unrecognized command line option '-qversion'
gcc: fatal error: no input files
compilation terminated.
configure:3137: $? = 1
configure:3157: checking whether the C compiler works
configure:3179: gcc    conftest.c  >&5
configure:3183: $? = 0
configure:3231: result: yes
configure:3234: checking for C compiler default output file name
configure:3236: result: a.out
configure:3242: checking for suffix of executables
configure:3249: gcc -o conftest    conftest.c  >&5
configure:3253: $? = 0
configure:3275: result: 
configure:3297: checking whether we are cross compiling
configure:3305: gcc -o conftest    conftest.c  >&5
configure:3309: $? = 0
configure:3316: ./conftest
configure:3320: $? = 0
configure:3335: result: no
configure:3340: checking for suffix of object files
configure:3362: gcc -c   conftest.c >&5
configure:3366: $? = 0
configure:3387: result: o
configure:3391: checking whether we are using the GNU C compiler
configure:3410: gcc -c   conftest.c >&5
configure:3410: $? = 0
configure:3419: result: yes
configure:3428: checking whether gcc accepts -g
configure:3448: gcc -c -g  conftest.c >&5
configure:3448: $? = 0
configure:3489: result: yes
configure:3506: checking for gcc option to accept ISO C89
configure:3569: gcc  -c -g -O2  conftest.c >&5
configure:3569: $? = 0
configure:3582: result: none needed
configure:3607: checking whether gcc understands -c and -o together
configure:3629: gcc -c conftest.c -o conftest2.o
configure:3632: $? = 0
configure:3629: gcc -c conftest.c -o conftest2.o
configure:3632: $? = 0
configure:3644: result: yes
configure:3672: checking for style of include used by make
configure:3700: result: GNU
configure:3726: checking dependency style of gcc
configure:3837: result: gcc3
configure:3862: checking how to run the C preprocessor
configure:3893: gcc -E  conftest.c
configure:3893: $? = 0
configure:3907: gcc -E  conftest.c
conftest.c:11:28: fatal error: ac_nonexistent.h: No such file or directory
 #include <ac_nonexistent.h>
                            ^
compilation terminated.
configure:3907: $? = 1
configure: failed program was:
| /* confdefs.h */
| #define PACKAGE_NAME "maze"
| #define PACKAGE_TARNAME "maze"
| #define PACKAGE_VERSION "0.5"
| #define PACKAGE_STRING "maze 0.5"
| #define PACKAGE_BUGREPORT "mersinvald@gmail.com"
| #define PACKAGE_URL ""
| #define PACKAGE "maze"
| #define VERSION "0.5"
| /* end confdefs.h.  */
| #include <ac_nonexistent.h>
configure:3932: result: gcc -E
configure:3952: gcc -E  conftest.c
configure:3952: $? = 0
configure:3966: gcc -E  conftest.c
conftest.c:11:28: fatal error: ac_nonexistent.h: No such file or directory
 #include <ac_nonexistent.h>
                            ^
compilation terminated.
configure:3966: $? = 1
configure: failed program was:
| /* confdefs.h */
| #define PACKAGE_NAME "maze"
| #define PACKAGE_TARNAME "maze"
| #define PACKAGE_VERSION "0.5"
| #define PACKAGE_STRING "maze 0.5"
| #define PACKAGE_BUGREPORT "mersinvald@gmail.com"
| #define PACKAGE_URL ""
| #define PACKAGE "maze"
| #define VERSION "0.5"
| /* end confdefs.h.  */
| #include <ac_nonexistent.h>
configure:3995: checking for grep that handles long lines and -e
configure:4053: result: /bin/grep
configure:4058: checking for egrep
configure:4120: result: /bin/grep -E
configure:4125: checking for ANSI C header files
configure:4145: gcc -c -g -O2  conftest.c >&5
configure:4145: $? = 0
configure:4218: gcc -o conftest -g -O2   conftest.c  >&5
configure:4218: $? = 0
configure:4218: ./conftest
configure:4218: $? = 0
configure:4229: result: yes
configure:4242: checking for sys/types.h
configure:4242: gcc -c -g -O2  conftest.c >&5
configure:4242: $? = 0
configure:4242: result: yes
configure:4242: checking for sys/stat.h
configure:4242: gcc -c -g -O2  conftest.c >&5
configure:4242: $? = 0
configure:4242: result: yes
configure:4242: checking for stdlib.h
configure:4242: gcc -c -g -O2  conftest.c >&5
configure:4242: $? = 0
configure:4242: result: yes
configure:4242: checking for string.h
configure:4242: gcc -c -g -O2  conftest.c >&5
configure:4242: $? = 0
configure:4242: result: yes
configure:4242: checking for memory.h
configure:4242: gcc -c -g -O2  conftest.c >&5
configure:4242: $? = 0
configure:4242: result: yes
configure:4242: checking for strings.h
configure:4242: gcc -c -g -O2  conftest.c >&5
configure:4242: $? = 0
configure:4242: result: yes
configure:4242: checking for inttypes.h
configure:4242: gcc -c -g -O2  conftest.c >&5
configure:4242: $? = 0
configure:4242: result: yes
configure:4242: checking for stdint.h
configure:4242: gcc -c -g -O2  conftest.c >&5
configure:4242: $? = 0
configure:4242: result: yes
configure:4242: checking for unistd.h
configure:4242: gcc -c -g -O2  conftest.c >&5
configure:4242: $? = 0
configure:4242: result: yes
configure:4257: checking for stdlib.h
configure:4257: result: yes
configure:4257: checking for string.h
configure:4257: result: yes
configure:4269: checking for uint8_t
configure:4269: gcc -c -g -O2  conftest.c >&5
configure:4269: $? = 0
configure:4269: result: yes
configure:4287: checking for stdlib.h
configure:4287: result: yes
configure:4297: checking for GNU libc compatible malloc
configure:4321: gcc -o conftest -g -O2   conftest.c  >&5
configure:4321: $? = 0
configure:4321: ./conftest
configure:4321: $? = 0
configure:4331: result: yes
configure:4354: checking for memset
configure:4354: gcc -o conftest -g -O2   conftest.c  >&5
conftest.c:48:6: warning: conflicting types for built-in function 'memset'
 char memset ();
      ^
configure:4354: $? = 0
configure:4354: result: yes
configure:4475: checking that generated files are newer than configure
configure:4481: result: done
configure:4504: creating ./config.status

## ---------------------- ##
## Running config.status. ##
## ---------------------- ##

This file was extended by maze config.status 0.5, which was
generated by GNU Autoconf 2.69.  Invocation command line was

  CONFIG_FILES    = 
  CONFIG_HEADERS  = 
  CONFIG_LINKS    = 
  CONFIG_COMMANDS = 
  $ ./config.status 

on ponybook

config.status:858: creating Makefile
config.status:858: creating src/Makefile
config.status:858: creating config.h
config.status:1039: config.h is unchanged
config.status:1087: executing depfiles commands

## ---------------- ##
## Cache variables. ##
## ---------------- ##

ac_cv_c_compiler_gnu=yes
ac_cv_c_uint8_t=yes
ac_cv_env_CC_set=
ac_cv_env_CC_value=
ac_cv_env_CFLAGS_set=
ac_cv_env_CFLAGS_value=
ac_cv_env_CPPFLAGS_set=
ac_cv_env_CPPFLAGS_value=
ac_cv_env_CPP_set=
ac_cv_env_CPP_value=
ac_cv_env_LDFLAGS_set=
ac_cv_env_LDFLAGS_value=
ac_cv_env_LIBS_set=
ac_cv_env_LIBS_value=
ac_cv_env_build_alias_set=
ac_cv_env_build_alias_value=
ac_cv_env_host_alias_set=
ac_cv_env_host_alias_value=
ac_cv_env_target_alias_set=
ac_cv_env_target_alias_value=
ac_cv_func_malloc_0_nonnull=yes
ac_cv_func_memset=yes
ac_cv_header_inttypes_h=yes
ac_cv_header_memory_h=yes
ac_cv_header_stdc=yes
ac_cv_header_stdint_h=yes
ac_cv_header_stdlib_h=yes
ac_cv_header_string_h=yes
ac_cv_header_strings_h=yes
ac_cv_header_sys_stat_h=yes
ac_cv_header_sys_types_h=yes
ac_cv_header_unistd_h=yes
ac_cv_objext=o
ac_cv_path_EGREP='/bin/grep -E'
ac_cv_path_GREP=/bin/grep
ac_cv_path_install='/usr/bin/install -c'
ac_cv_path_mkdir=/bin/mkdir
ac_cv_prog_AWK=gawk
ac_cv_prog_CPP='gcc -E'
ac_cv_prog_ac_ct_CC=gcc
ac_cv_prog_cc_c89=
ac_cv_prog_cc_g=yes
ac_cv_prog_make_make_set=yes
am_cv_CC_dependencies_compiler_type=gcc3
am_cv_make_support_nested_variables=yes
am_cv_prog_cc_c_o=yes

## ----------------- ##
## Output variables. ##
## ----------------- ##

ACLOCAL='${SHELL} /home/mike/dev/labs/practice/labyrinth/missing aclocal-1.15'
AMDEPBACKSLASH='\'
AMDEP_FALSE='#'
AMDEP_TRUE=''
AMTAR='$${TAR-tar}'
AM_BACKSLASH='\'
AM_DEFAULT_V='$(AM_DEFAULT_VERBOSITY)'
AM_DEFAULT_VERBOSITY='1'
AM_V='$(V)'
AUTOCONF='${SHELL} /home/mike/dev/labs/practice/labyrinth/missing autoconf'
AUTOHEADER='${SHELL} /home/mike/dev/labs/practice/labyrinth/missing autoheader'
AUTOMAKE='${SHELL} /home/mike/dev/labs/practice/labyrinth/missing automake-1.15'
AWK='gawk'
CC='gcc'
CCDEPMODE='depmode=gcc3'
CFLAGS='-g -O2'
CPP='gcc -E'
CPPFLAGS=''
CYGPATH_W='echo'
DEFS='-DHAVE_CONFIG_H'
DEPDIR='.deps'
ECHO_C=''
ECHO_N='-n'
ECHO_T=''
EGREP='/bin/grep -E'
EXEEXT=''
GREP='/bin/grep'
INSTALL_DATA='${INSTALL} -m 644'
INSTALL_PROGRAM='${INSTALL}'
INSTALL_SCRIPT='${INSTALL}'
INSTALL_STRIP_PROGRAM='$(install_sh) -c -s'
LDFLAGS=''
LIBOBJS=''
LIBS=''
LTLIBOBJS=''
MAKEINFO='${SHELL} /home/mike/dev/labs/practice/labyrinth/missing makeinfo'
MKDIR_P='/bin/mkdir -p'
OBJEXT='o'
PACKAGE='maze'
PACKAGE_BUGREPORT='mersinvald@gmail.com'
PACKAGE_NAME='maze'
PACKAGE_STRING='maze 0.5'
PACKAGE_TARNAME='maze'
PACKAGE_URL=''
PACKAGE_VERSION='0.5'
PATH_SEPARATOR=':'
SET_MAKE=''
SHELL='/bin/sh'
STRIP=''
VERSION='0.5'
ac_ct_CC='gcc'
am__EXEEXT_FALSE=''
am__EXEEXT_TRUE='#'
am__fastdepCC_FALSE='#'
am__fastdepCC_TRUE=''
am__include='include'
am__isrc=''
am__leading_dot='.'
am__nodep='_no'
am__quote=''
am__tar='$${TAR-tar} chof - "$$tardir"'
am__untar='$${TAR-tar} xf -'
bindir='${exec_prefix}/bin'
build_alias=''
datadir='${datarootdir}'
datarootdir='${prefix}/share'
docdir='${datarootdir}/doc/${PACKAGE_TARNAME}'
dvidir='${docdir}'
exec_prefix='${prefix}'
host_alias=''
htmldir='${docdir}'
includedir='${prefix}/include'
infodir='${datarootdir}/info'
install_sh='${SHELL} /home/mike/dev/labs/practice/labyrinth/install-sh'
libdir='${exec_prefix}/lib'
libexecdir='${exec_prefix}/libexec'
localedir='${datarootdir}/locale'
localstatedir='${prefix}/var'
mandir='${datarootdir}/man'
mkdir_p='$(MKDIR_P)'
oldincludedir='/usr/include'
pdfdir='${docdir}'
prefix='/usr/local'
program_transform_name='s,x,x,'
psdir='${docdir}'
sbindir='${exec_prefix}/sbin'
sharedstatedir='${prefix}/com'
sysconfdir='${prefix}/etc'
target_alias=''

## ----------- ##
## confdefs.h. ##
## ----------- ##

/* confdefs.h */
#define PACKAGE_NAME "maze"
#define PACKAGE_TARNAME "maze"
#define PACKAGE_VERSION "0.5"
#define PACKAGE_STRING "maze 0.5"
#define PACKAGE_BUGREPORT "mersinvald@gmail.com"
#define PACKAGE_URL ""
#define PACKAGE "maze"
#define VERSION "0.5"
#define STDC_HEADERS 1
#define HAVE_SYS_TYPES_H 1
#define HAVE_SYS_STAT_H 1
#define HAVE_STDLIB_H 1
#define HAVE_STRING_H 1
#define HAVE_MEMORY_H 1
#define HAVE_STRINGS_H 1
#define HAVE_INTTYPES_H 1
#define HAVE_STDINT_H 1
#define HAVE_UNISTD_H 1
#define HAVE_STDLIB_H 1
#define HAVE_STRING_H 1
#define HAVE_STDLIB_H 1
#define HAVE_MALLOC 1
#define HAVE_MEMSET 1

configure: exit 0
